e:\opengl学习\工程文件\矩形纹理\opengltutorialproject\opengltutorialproject\debug\vc120.pdb
e:\opengl学习\工程文件\矩形纹理\opengltutorialproject\opengltutorialproject\debug\vc120.idb
e:\opengl学习\工程文件\矩形纹理\opengltutorialproject\opengltutorialproject\debug\display.obj
e:\opengl学习\工程文件\矩形纹理\opengltutorialproject\opengltutorialproject\debug\main.obj
e:\opengl学习\工程文件\矩形纹理\opengltutorialproject\opengltutorialproject\debug\shader.obj
e:\opengl学习\工程文件\矩形纹理\opengltutorialproject\opengltutorialproject\debug\stb_image.obj
e:\opengl学习\工程文件\矩形纹理\opengltutorialproject\opengltutorialproject\debug\glad.obj
e:\opengl学习\工程文件\矩形纹理\opengltutorialproject\debug\opengltutorialproject.ilk
e:\opengl学习\工程文件\矩形纹理\opengltutorialproject\debug\opengltutorialproject.exe
e:\opengl学习\工程文件\矩形纹理\opengltutorialproject\debug\opengltutorialproject.pdb
e:\opengl学习\工程文件\矩形纹理\opengltutorialproject\opengltutorialproject\debug\opengltutorialproject.res
e:\opengl学习\工程文件\矩形纹理\opengltutorialproject\opengltutorialproject\debug\opengltu.5031cda3.tlog\cl.command.1.tlog
e:\opengl学习\工程文件\矩形纹理\opengltutorialproject\opengltutorialproject\debug\opengltu.5031cda3.tlog\cl.read.1.tlog
e:\opengl学习\工程文件\矩形纹理\opengltutorialproject\opengltutorialproject\debug\opengltu.5031cda3.tlog\cl.write.1.tlog
e:\opengl学习\工程文件\矩形纹理\opengltutorialproject\opengltutorialproject\debug\opengltu.5031cda3.tlog\link.command.1.tlog
e:\opengl学习\工程文件\矩形纹理\opengltutorialproject\opengltutorialproject\debug\opengltu.5031cda3.tlog\link.read.1.tlog
e:\opengl学习\工程文件\矩形纹理\opengltutorialproject\opengltutorialproject\debug\opengltu.5031cda3.tlog\link.write.1.tlog
e:\opengl学习\工程文件\矩形纹理\opengltutorialproject\opengltutorialproject\debug\opengltu.5031cda3.tlog\rc.command.1.tlog
e:\opengl学习\工程文件\矩形纹理\opengltutorialproject\opengltutorialproject\debug\opengltu.5031cda3.tlog\rc.read.1.tlog
e:\opengl学习\工程文件\矩形纹理\opengltutorialproject\opengltutorialproject\debug\opengltu.5031cda3.tlog\rc.write.1.tlog
